1
0
1
ASSEMBLY
1
SINGLE_ELEMENT-1
SINGLE_ELEMENT
1
SINGLE_ELEMENT-1
4
3 1
4 2
5 3
6 4
1 3
2 4
3 5
4 6
2
1 1
2 2
1 1
2 2
1
SINGLE_ELEMENT-1
1
1 1
1 1
0
3
SET-1
0
1
0
1
SINGLE_ELEMENT-1
1
1 
0
_SURF-1_E3
0
2
0
1
SINGLE_ELEMENT-1
1
1 
0
_SURF-2_E1
0
2
0
1
SINGLE_ELEMENT-1
1
1 
0
1
SINGLE_ELEMENT-1
1
SET-2
0
1
1
1 
0
0
0
4
 PIBATCH
0
2
0
2

2
1 2 
SINGLE_ELEMENT-1
4
3 4 5 6 
0
M_SET-2
0
1
1
1 
0
0
M_SET-3
0
1
1
2 
0
0
SET-1
0
1
0
1
SINGLE_ELEMENT-1
4
3 4 5 6 
0
2
SINGLE_ELEMENT-1
2
 P       1 PIBATCH
0
2
4
3 4 5 6 
0
0
SET-2
0
1
4
3 4 5 6 
0
0
0

1
 P       0 PIBATCH
0
2
2
1 2 
0
0
0
0
2
SURF-1
0
0
0
1
SINGLE_ELEMENT-1
0
0
1
E3
1
1 
SURF-2
0
0
0
1
SINGLE_ELEMENT-1
0
0
1
E1
1
1 
